2026-01-07 12:59:49 | INFO | Iniciando proceso de normalización de jerarquías (Isla/Modalidad/Tipología/Clasificación)
2026-01-07 12:59:49 | INFO | Reparando tipologías y clasificaciones vacías...
2026-01-07 12:59:49 | SUCCESS | Textos reparados. Iniciando mapeo de IDs con protección de tildes.
2026-01-07 13:00:01 | INFO | Proceso completado. Verificando integridad...
2026-01-07 13:00:02 | SUCCESS | ¡Perfecto! Todos los registros han sido normalizados (0 huérfanos).
2026-01-07 13:00:02 | INFO | Iniciando cruce espacial por bloques de isla...
2026-01-07 13:00:02 | INFO | Procesando isla ID: 7
2026-01-07 13:14:44 | INFO | Iniciando proceso de normalización de jerarquías (Isla/Modalidad/Tipología/Clasificación)
2026-01-07 13:14:44 | INFO | Reparando tipologías y clasificaciones vacías...
2026-01-07 13:14:44 | SUCCESS | Textos reparados. Iniciando mapeo de IDs con protección de tildes.
2026-01-07 13:14:56 | INFO | Proceso completado. Verificando integridad...
2026-01-07 13:14:56 | SUCCESS | ¡Perfecto! Todos los registros han sido normalizados (0 huérfanos).
2026-01-07 13:14:56 | INFO | Iniciando cruce espacial por bloques de isla...
2026-01-07 13:14:56 | INFO | Procesando isla ID: 7
2026-01-07 13:14:59 | INFO | Procesando isla ID: 1
2026-01-07 13:15:00 | INFO | Procesando isla ID: 5
2026-01-07 13:15:01 | INFO | Procesando isla ID: 2
2026-01-07 13:15:02 | INFO | Procesando isla ID: 4
2026-01-07 13:15:03 | INFO | Procesando isla ID: 6
2026-01-07 13:15:04 | INFO | Procesando isla ID: 3
2026-01-07 13:15:06 | SUCCESS | Cruce espacial finalizado.
2026-01-07 13:35:28 | INFO | Iniciando volcado final: staging_import -> alojamientos (con trazabilidad de duplicados)
2026-01-07 13:35:28 | INFO | Ejecutando INSERT con resolución de conflictos y conteo de descartes...
2026-01-07 13:35:35 | SUCCESS | Proceso finalizado. Filas afectadas en tabla alojamientos: 77868
2026-01-07 13:35:36 | INFO | Total de registros duplicados omitidos en esta migración: 95
2026-01-07 13:35:36 | INFO | Total registros actuales en tabla ALOJAMIENTOS: 77868
2026-01-07 13:35:36 | INFO | Conexión cerrada.
