2026-01-06 19:53:21 | INFO | Iniciando proceso de normalización de jerarquías (Isla/Modalidad/Tipología/Clasificación)
2026-01-06 19:53:22 | DEBUG | Añadiendo columnas de IDs a staging_import si no existen
2026-01-06 19:53:22 | INFO | Mapeando isla_id desde municipios...
2026-01-06 19:54:20 | INFO | Iniciando proceso de normalización de jerarquías (Isla/Modalidad/Tipología/Clasificación)
2026-01-06 19:54:20 | DEBUG | Añadiendo columnas de IDs a staging_import si no existen
2026-01-06 19:54:20 | INFO | Mapeando isla_id desde municipios...
2026-01-06 19:54:23 | SUCCESS | Isla ID actualizado en 77963 registros
2026-01-06 19:54:23 | INFO | Normalizando MODALIDADES...
2026-01-06 19:54:26 | SUCCESS | Modalidad ID actualizada en 78120 registros
2026-01-06 19:54:26 | INFO | Normalizando TIPOLOGÍAS (jerarquía N2)...
2026-01-06 19:54:30 | SUCCESS | Tipología ID actualizada en 78117 registros
2026-01-06 19:54:30 | INFO | Normalizando CLASIFICACIONES (jerarquía N3)...
2026-01-06 19:54:31 | SUCCESS | Clasificación ID actualizada en 3502 registros
2026-01-06 19:54:31 | ERROR | Existen 3 registros sin tipología válida
2026-01-06 19:54:31 | WARNING | Existen 74618 registros sin clasificación válida (aunque tenían texto)
2026-01-06 19:54:31 | INFO | Clasificando Tipo de Oferta (AR: Reglado / VV: Vacacional)...
2026-01-06 19:54:34 | SUCCESS | Tipo de oferta asignado en 78120 registros
2026-01-06 19:54:34 | INFO | Proceso de normalización finalizado.
2026-01-06 20:12:21 | INFO | Iniciando proceso de normalización de jerarquías (Isla/Modalidad/Tipología/Clasificación)
2026-01-06 20:12:21 | DEBUG | Añadiendo columnas de IDs a staging_import si no existen
2026-01-06 20:12:21 | INFO | Mapeando isla_id desde municipios...
2026-01-06 20:12:25 | SUCCESS | Isla ID actualizado en 77963 registros
2026-01-06 20:12:25 | INFO | Normalizando MODALIDADES...
2026-01-06 20:12:28 | SUCCESS | Modalidad ID actualizada en 78120 registros
2026-01-06 20:12:28 | INFO | Normalizando TIPOLOGÍAS (jerarquía N2)...
2026-01-06 20:12:31 | SUCCESS | Tipología ID actualizada en 78117 registros
2026-01-06 20:12:31 | INFO | Normalizando CLASIFICACIONES (jerarquía N3)...
2026-01-06 20:12:32 | SUCCESS | Clasificación ID actualizada en 3502 registros
2026-01-06 20:12:32 | ERROR | Existen 3 registros sin tipología válida
2026-01-06 20:12:32 | WARNING | Existen 74618 registros sin clasificación válida (aunque tenían texto)
2026-01-06 20:12:32 | INFO | Clasificando Tipo de Oferta (AR: Reglado / VV: Vacacional)...
2026-01-06 20:12:35 | SUCCESS | Tipo de oferta asignado en 78120 registros
2026-01-06 20:12:35 | INFO | Proceso de normalización finalizado.
2026-01-06 20:12:35 | DEBUG | Iniciando autopsia de clasificaciones fallidas...
2026-01-06 20:13:15 | INFO | Iniciando proceso de normalización de jerarquías (Isla/Modalidad/Tipología/Clasificación)
2026-01-06 20:13:15 | DEBUG | Añadiendo columnas de IDs a staging_import si no existen
2026-01-06 20:13:15 | INFO | Mapeando isla_id desde municipios...
2026-01-06 20:13:19 | SUCCESS | Isla ID actualizado en 77963 registros
2026-01-06 20:13:19 | INFO | Normalizando MODALIDADES...
2026-01-06 20:13:22 | SUCCESS | Modalidad ID actualizada en 78120 registros
2026-01-06 20:13:22 | INFO | Normalizando TIPOLOGÍAS (jerarquía N2)...
2026-01-06 20:13:26 | SUCCESS | Tipología ID actualizada en 78117 registros
2026-01-06 20:13:26 | INFO | Normalizando CLASIFICACIONES (jerarquía N3)...
2026-01-06 20:13:26 | SUCCESS | Clasificación ID actualizada en 3502 registros
2026-01-06 20:13:26 | ERROR | Existen 3 registros sin tipología válida
2026-01-06 20:13:26 | WARNING | Existen 74618 registros sin clasificación válida (aunque tenían texto)
2026-01-06 20:13:26 | INFO | Clasificando Tipo de Oferta (AR: Reglado / VV: Vacacional)...
2026-01-06 20:13:29 | SUCCESS | Tipo de oferta asignado en 78120 registros
2026-01-06 20:13:29 | INFO | Proceso de normalización finalizado.
2026-01-06 20:13:29 | DEBUG | Iniciando autopsia de clasificaciones fallidas...
2026-01-06 20:13:30 | WARNING | Existen 4.89270244682711e-318 registros donde el texto coincide pero la Tipología padre es distinta
2026-01-06 21:51:52 | INFO | Iniciando proceso de normalización de jerarquías (Isla/Modalidad/Tipología/Clasificación)
2026-01-06 21:51:52 | DEBUG | Añadiendo columnas de IDs a staging_import si no existen
2026-01-06 21:51:52 | INFO | Mapeando isla_id desde municipios...
2026-01-06 21:51:55 | SUCCESS | Isla ID actualizado en 77963 registros
2026-01-06 21:51:55 | INFO | Iniciando normalización con lógica de reparación de nulos.
2026-01-06 21:51:55 | INFO | Reparando tipologías y clasificaciones vacías...
2026-01-06 21:51:55 | SUCCESS | Textos reparados. Iniciando mapeo de IDs.
2026-01-06 21:53:16 | INFO | Iniciando proceso de normalización de jerarquías (Isla/Modalidad/Tipología/Clasificación)
2026-01-06 21:53:16 | INFO | Iniciando normalización con lógica de reparación de nulos.
2026-01-06 21:53:16 | INFO | Reparando tipologías y clasificaciones vacías...
2026-01-06 21:53:16 | SUCCESS | Textos reparados. Iniciando mapeo de IDs.
2026-01-06 21:54:01 | INFO | Iniciando proceso de normalización de jerarquías (Isla/Modalidad/Tipología/Clasificación)
2026-01-06 21:54:01 | DEBUG | Añadiendo columnas de IDs a staging_import si no existen
2026-01-06 21:54:01 | INFO | Iniciando normalización con lógica de reparación de nulos.
2026-01-06 21:54:01 | INFO | Reparando tipologías y clasificaciones vacías...
2026-01-06 21:54:01 | SUCCESS | Textos reparados. Iniciando mapeo de IDs.
2026-01-06 21:55:02 | INFO | Iniciando proceso de normalización de jerarquías (Isla/Modalidad/Tipología/Clasificación)
2026-01-06 21:55:02 | INFO | Iniciando normalización con lógica de reparación de nulos.
2026-01-06 21:55:02 | INFO | Reparando tipologías y clasificaciones vacías...
2026-01-06 21:55:02 | SUCCESS | Textos reparados. Iniciando mapeo de IDs.
2026-01-06 21:55:17 | INFO | Proceso completado. Verificando integridad...
2026-01-06 21:55:17 | INFO | Registros sin ID final: 1
2026-01-06 22:03:37 | INFO | Iniciando proceso de normalización de jerarquías (Isla/Modalidad/Tipología/Clasificación)
2026-01-06 22:03:37 | INFO | Reparando tipologías y clasificaciones vacías...
2026-01-06 22:03:37 | SUCCESS | Textos reparados. Iniciando mapeo de IDs con protección de tildes.
2026-01-06 22:03:50 | INFO | Proceso completado. Verificando integridad...
2026-01-06 22:03:50 | SUCCESS | ¡Perfecto! Todos los registros han sido normalizados (0 huérfanos).
2026-01-06 23:25:24 | INFO | Iniciando volcado final de datos: staging_import -> alojamientos
2026-01-06 23:25:24 | ERROR | Fallo en la migración: Failed to fetch row : ERROR:  ON CONFLICT DO UPDATE command cannot affect row a second time
HINT:  Ensure that no rows proposed for insertion within the same command have duplicate constrained values.

2026-01-06 23:25:24 | SUCCESS | Verificación de integridad post-migración: 100% Correcta.
2026-01-06 23:29:35 | INFO | Iniciando volcado final de datos: staging_import -> alojamientos
2026-01-06 23:29:36 | INFO | Ejecutando INSERT con resolución de conflictos...
2026-01-06 23:29:42 | SUCCESS | Proceso finalizado. Filas afectadas: 77868
2026-01-06 23:29:42 | INFO | Total registros actuales en tabla ALOJAMIENTOS: 77868
2026-01-06 23:29:42 | INFO | Conexión cerrada.
2026-01-06 23:54:23 | INFO | Iniciando volcado final: staging_import -> alojamientos (con trazabilidad de duplicados)
2026-01-06 23:54:23 | INFO | Ejecutando INSERT con resolución de conflictos y conteo de descartes...
2026-01-06 23:54:29 | SUCCESS | Proceso finalizado. Filas afectadas en tabla alojamientos: 77868
2026-01-06 23:54:30 | INFO | Total de registros duplicados omitidos en esta migración: 95
2026-01-06 23:54:30 | INFO | Total registros actuales en tabla ALOJAMIENTOS: 77868
2026-01-06 23:54:30 | INFO | Conexión cerrada.
